<?xml version="1.0" encoding="UTF-8"?>
<testsuite name="com.bridgelabz.addressbook.AddressBookTest" tests="1" skipped="0" failures="0" errors="0" timestamp="2021-05-02T17:48:59" hostname="DESKTOP-0QBG6NF" time="0.094">
  <properties/>
  <testcase name="givenContactName_whenDeleted_ShouldReturn_true()" classname="com.bridgelabz.addressbook.AddressBookTest" time="0.094"/>
  <system-out><![CDATA[AddressBookDetails{firstName='Prajakta', lastName='Bramhe', address='Lakshmi Nagar', city='Nagpur', state='MH', zip='440034', phoneNo='8149240833', email='prajakta14@gmail.com'}
Contact deleted with name : Prajakta
]]></system-out>
  <system-err><![CDATA[]]></system-err>
</testsuite>
