<?xml version="1.0" encoding="UTF-8"?>
<testsuite name="com.bridgelabz.addressbook.AddressBookTest" tests="1" skipped="0" failures="0" errors="0" timestamp="2021-05-02T19:40:25" hostname="DESKTOP-0QBG6NF" time="0.056">
  <properties/>
  <testcase name="givenContact_WhenAddedToAddressBook_ShouldReturnTrue()" classname="com.bridgelabz.addressbook.AddressBookTest" time="0.056"/>
  <system-out><![CDATA[New Address Book Created with Name : Family
Contact Added Successfully.
]]></system-out>
  <system-err><![CDATA[]]></system-err>
</testsuite>
